Could not find conda environment: openmmlab
You can list all discoverable environments with `conda info --envs`.

+ CONFIG=projects/BEVFusion/configs/bevfusion_lidar-cam_voxel0075_second_secfpn_8xb4-cyclic-20e_nus-3d.py
++ pwd
+ echo 'Current Working Directory: /scratch/kkaushik/mmdetection3d'
++ dirname /cm/local/apps/slurm/var/spool/job6076449/slurm_script
+ PYTHONPATH=/cm/local/apps/slurm/var/spool/job6076449/..:
+ srun python -u tools/train.py projects/BEVFusion/configs/bevfusion_lidar-cam_voxel0075_second_secfpn_8xb4-cyclic-20e_nus-3d.py --launcher=slurm --cfg-options load_from=./lidar_pretrained/bevfusion_lidar_voxel0075_second_secfpn_8xb4-cyclic-20e_nus-3d-2628f933.pth model.img_backbone.init_cfg.checkpoint=./swin-pretrained/swint-nuimages-pretrained.pth
Traceback (most recent call last):
  File "tools/train.py", line 7, in <module>
srun: error: gpu013: task 0: Exited with exit code 1
srun: launch/slurm: _step_signal: Terminating StepId=6076449.0
srun: error: gpu017: task 1: Terminated
srun: Force Terminated StepId=6076449.0
+ conda deactivate
+ local cmd=deactivate
+ case "$cmd" in
+ __conda_activate deactivate
+ '[' -n '' ']'
+ local ask_conda
++ PS1=
++ __conda_exe shell.posix deactivate
++ __add_sys_prefix_to_path
++ '[' -n '' ']'
+++ dirname /apps/generic/miniconda3/4.12.0/bin/conda
++ SYSP=/apps/generic/miniconda3/4.12.0/bin
+++ dirname /apps/generic/miniconda3/4.12.0/bin
++ SYSP=/apps/generic/miniconda3/4.12.0
++ '[' -n '' ']'
++ PATH=/apps/generic/miniconda3/4.12.0/bin:/apps/generic/miniconda3/4.12.0/condabin:/apps/generic/miniconda3/4.12.0/condabin:/beegfs/apps/generic/cuda-12.5/bin:/apps/arch/2024r1/software/linux-rhel8-x86_64_v3/gcc-11.3.0/openmpi-4.1.6-h2uag4kpbem3g5bhzwkor27x7o5tf6w7/bin:/apps/generic/compiler-2024/software/linux-rhel8-x86_64_v3/gcc-8.5.0/gcc-11.3.0-ifl4t3krdzkcrmejbgj5reljeokuv3vs/bin:/home/kkaushik/.local/bin:/home/kkaushik/bin:/cm/shared/apps/slurm/current/bin:/usr/local/bin:/usr/bin:/usr/local/sbin:/usr/sbin
++ export PATH
++ /apps/generic/miniconda3/4.12.0/bin/conda shell.posix deactivate
+ ask_conda=
+ eval ''
+ __conda_hashr
+ '[' -n '' ']'
+ '[' -n '' ']'
+ hash -r
